0 info it worked if it ends with ok
1 verbose cli [ '/Users/zordius/.nodebrew/current/bin/node',
1 verbose cli   '/Users/zordius/.nodebrew/current/bin/npm',
1 verbose cli   'install',
1 verbose cli   '../..' ]
2 info using npm@1.4.28
3 info using node@v0.10.35
4 verbose node symlink /Users/zordius/.nodebrew/current/bin/node
5 warn package.json iso-call-example@0.0.1 No repository field.
6 verbose readDependencies using package.json deps
7 verbose cache add [ '../..', null ]
8 verbose cache add name=undefined spec="../.." args=["../..",null]
9 verbose parsed url { protocol: null,
9 verbose parsed url   slashes: null,
9 verbose parsed url   auth: null,
9 verbose parsed url   host: null,
9 verbose parsed url   port: null,
9 verbose parsed url   hostname: null,
9 verbose parsed url   hash: null,
9 verbose parsed url   search: null,
9 verbose parsed url   query: null,
9 verbose parsed url   pathname: '../..',
9 verbose parsed url   path: '../..',
9 verbose parsed url   href: '../..' }
10 silly lockFile 626ac4c0- ../..
11 verbose lock ../.. /Users/zordius/.npm/626ac4c0-.lock
12 silly lockFile 626ac4c0- ../..
13 silly lockFile 626ac4c0- ../..
14 error addLocal Could not install ../..
15 error Failed to parse json
15 error Unexpected string
16 error File: ../../package.json
17 error Failed to parse package.json data.
17 error package.json must be actual JSON, not just JavaScript.
17 error
17 error This is not a bug in npm.
17 error Tell the package author to fix their package.json file. JSON.parse
18 error System Darwin 13.4.0
19 error command "/Users/zordius/.nodebrew/current/bin/node" "/Users/zordius/.nodebrew/current/bin/npm" "install" "../.."
20 error cwd /Users/zordius/iso-call/examples/04-webpack
21 error node -v v0.10.35
22 error npm -v 1.4.28
23 error file ../../package.json
24 error code EJSONPARSE
25 verbose exit [ 1, true ]
